{
  "stats": {
    "suites": 2,
    "tests": 2,
    "passes": 2,
    "pending": 0,
    "failures": 0,
    "start": "2025-09-19T19:11:45.103Z",
    "end": "2025-09-19T19:11:45.258Z",
    "duration": 155,
    "testsRegistered": 2,
    "passPercent": 100,
    "pendingPercent": 0,
    "other": 0,
    "hasOther": false,
    "skipped": 0,
    "hasSkipped": false
  },
  "results": [
    {
      "uuid": "07220149-051f-402f-9f3f-8061a5b5d131",
      "title": "",
      "fullFile": "C:\\Users\\win\\Documents\\Projetos-Api-Pgats\\pgats-2025-02-base\\test\\rest\\external\\checkoutExternal.test.js",
      "file": "\\test\\rest\\external\\checkoutExternal.test.js",
      "beforeHooks": [],
      "afterHooks": [],
      "tests": [],
      "suites": [
        {
          "uuid": "8be9b99b-7a60-42a1-b05b-d7f2a72e27b3",
          "title": "checkout external",
          "fullFile": "C:\\Users\\win\\Documents\\Projetos-Api-Pgats\\pgats-2025-02-base\\test\\rest\\external\\checkoutExternal.test.js",
          "file": "\\test\\rest\\external\\checkoutExternal.test.js",
          "beforeHooks": [],
          "afterHooks": [],
          "tests": [],
          "suites": [
            {
              "uuid": "6433b3af-c624-4165-9813-5ae3bda7852a",
              "title": "POST /checkout",
              "fullFile": "C:\\Users\\win\\Documents\\Projetos-Api-Pgats\\pgats-2025-02-base\\test\\rest\\external\\checkoutExternal.test.js",
              "file": "\\test\\rest\\external\\checkoutExternal.test.js",
              "beforeHooks": [
                {
                  "title": "\"before each\" hook in \"POST /checkout\"",
                  "fullTitle": "checkout external POST /checkout \"before each\" hook in \"POST /checkout\"",
                  "timedOut": false,
                  "duration": 7,
                  "state": null,
                  "speed": null,
                  "pass": false,
                  "fail": false,
                  "pending": false,
                  "context": null,
                  "code": "const respostaLogin = await request('http://localhost:3000')\n    .post('/api/users/login')\n    .send({\n        email: 'alice@email.com',\n        password: '123456'\n    });\ntoken = respostaLogin.body.token;",
                  "err": {},
                  "uuid": "8944a84e-8c38-428f-9775-86385877964c",
                  "parentUUID": "6433b3af-c624-4165-9813-5ae3bda7852a",
                  "isHook": true,
                  "skipped": false
                }
              ],
              "afterHooks": [],
              "tests": [
                {
                  "title": "Quando realizo um checkout eu recebo um 200",
                  "fullTitle": "checkout external POST /checkout Quando realizo um checkout eu recebo um 200",
                  "timedOut": false,
                  "duration": 18,
                  "state": "passed",
                  "speed": "fast",
                  "pass": true,
                  "fail": false,
                  "pending": false,
                  "context": null,
                  "code": "const respostaCheckout = await request('http://localhost:3000')\n    .post('/api/checkout')\n    .set('Authorization', `Bearer ${token}`)\n    .send({\n        items: [\n            {\n                productId: 1,\n                quantity: 5\n            }\n        ],\n        freight: 10,\n        paymentMethod: \"boleto\",\n        cardData: {\n            number: \"100745-5\",\n            name: \"jonatas sousa\",\n            expiry: \"12/27\",\n            cvv: \"1234\"\n        }\n    });\n    //console.log(resposta.body);\n\n        const respostaEsperada = require('../fixture/respostas/checkoutComSucesso.json');\n        expect(respostaCheckout.status).to.equal(200);\n        expect(respostaCheckout.body).to.deep.equal(respostaEsperada);",
                  "err": {},
                  "uuid": "04036af3-1485-4c7d-9ffa-a4c9a8c20bd6",
                  "parentUUID": "6433b3af-c624-4165-9813-5ae3bda7852a",
                  "isHook": false,
                  "skipped": false
                },
                {
                  "title": "Quando realizo um checkout sem me autenticar eu recebo um 401",
                  "fullTitle": "checkout external POST /checkout Quando realizo um checkout sem me autenticar eu recebo um 401",
                  "timedOut": false,
                  "duration": 9,
                  "state": "passed",
                  "speed": "fast",
                  "pass": true,
                  "fail": false,
                  "pending": false,
                  "context": null,
                  "code": "const respostaCheckout = await request('http://localhost:3000')\n    .post('/api/checkout')\n    .send({\n        items: [\n            {\n                productId: 1,\n                quantity: 5\n            }\n        ],\n        freight: 10,\n        paymentMethod: \"boleto\",\n        cardData: {\n            number: \"100745-5\",\n            name: \"jonatas sousa\",\n            expiry: \"12/27\",\n            cvv: \"1234\"\n        }\n    });\n    //console.log(resposta.body);\n\n        expect(respostaCheckout.status).to.equal(401);\n        expect(respostaCheckout.body.error).to.deep.equal('Token inválido');",
                  "err": {},
                  "uuid": "8f5418c2-b8c8-48a2-a2d9-d90043a38e37",
                  "parentUUID": "6433b3af-c624-4165-9813-5ae3bda7852a",
                  "isHook": false,
                  "skipped": false
                }
              ],
              "suites": [],
              "passes": [
                "04036af3-1485-4c7d-9ffa-a4c9a8c20bd6",
                "8f5418c2-b8c8-48a2-a2d9-d90043a38e37"
              ],
              "failures": [],
              "pending": [],
              "skipped": [],
              "duration": 27,
              "root": false,
              "rootEmpty": false,
              "_timeout": 10000
            }
          ],
          "passes": [],
          "failures": [],
          "pending": [],
          "skipped": [],
          "duration": 0,
          "root": false,
          "rootEmpty": false,
          "_timeout": 10000
        }
      ],
      "passes": [],
      "failures": [],
      "pending": [],
      "skipped": [],
      "duration": 0,
      "root": true,
      "rootEmpty": true,
      "_timeout": 10000
    }
  ],
  "meta": {
    "mocha": {
      "version": "11.7.2"
    },
    "mochawesome": {
      "options": {
        "quiet": false,
        "reportFilename": "mochawesome",
        "saveHtml": true,
        "saveJson": true,
        "consoleReporter": "spec",
        "useInlineDiffs": false,
        "code": true
      },
      "version": "7.1.4"
    },
    "marge": {
      "options": null,
      "version": "6.3.0"
    }
  }
}