{
  "stats": {
    "suites": 2,
    "tests": 2,
    "passes": 2,
    "pending": 0,
    "failures": 0,
    "start": "2025-09-19T19:53:54.045Z",
    "end": "2025-09-19T19:53:54.161Z",
    "duration": 116,
    "testsRegistered": 2,
    "passPercent": 100,
    "pendingPercent": 0,
    "other": 0,
    "hasOther": false,
    "skipped": 0,
    "hasSkipped": false
  },
  "results": [
    {
      "uuid": "01428d1b-989c-4ce0-90cc-6ff4b6148edd",
      "title": "",
      "fullFile": "C:\\Users\\win\\Documents\\Projetos-Api-Pgats\\pgats-2025-02-base\\test\\rest\\external\\checkoutExternal.test.js",
      "file": "\\test\\rest\\external\\checkoutExternal.test.js",
      "beforeHooks": [],
      "afterHooks": [],
      "tests": [],
      "suites": [
        {
          "uuid": "1b71ba93-0304-43a7-9fb1-a376fcb892f0",
          "title": "checkout external",
          "fullFile": "C:\\Users\\win\\Documents\\Projetos-Api-Pgats\\pgats-2025-02-base\\test\\rest\\external\\checkoutExternal.test.js",
          "file": "\\test\\rest\\external\\checkoutExternal.test.js",
          "beforeHooks": [],
          "afterHooks": [],
          "tests": [],
          "suites": [
            {
              "uuid": "674c4c17-26a0-4b1f-a2f3-cdd8a70d33ff",
              "title": "POST /checkout",
              "fullFile": "C:\\Users\\win\\Documents\\Projetos-Api-Pgats\\pgats-2025-02-base\\test\\rest\\external\\checkoutExternal.test.js",
              "file": "\\test\\rest\\external\\checkoutExternal.test.js",
              "beforeHooks": [
                {
                  "title": "\"before each\" hook in \"POST /checkout\"",
                  "fullTitle": "checkout external POST /checkout \"before each\" hook in \"POST /checkout\"",
                  "timedOut": false,
                  "duration": 7,
                  "state": null,
                  "speed": null,
                  "pass": false,
                  "fail": false,
                  "pending": false,
                  "context": null,
                  "code": "const respostaLogin = await request('http://localhost:3000')\n    .post('/api/users/login')\n    .send({\n        email: 'alice@email.com',\n        password: '123456'\n    });\ntoken = respostaLogin.body.token;",
                  "err": {},
                  "uuid": "b29f126f-f479-446d-8cc6-2ca0afe9ff87",
                  "parentUUID": "674c4c17-26a0-4b1f-a2f3-cdd8a70d33ff",
                  "isHook": true,
                  "skipped": false
                }
              ],
              "afterHooks": [],
              "tests": [
                {
                  "title": "Quando realizo um checkout eu recebo um 200",
                  "fullTitle": "checkout external POST /checkout Quando realizo um checkout eu recebo um 200",
                  "timedOut": false,
                  "duration": 14,
                  "state": "passed",
                  "speed": "fast",
                  "pass": true,
                  "fail": false,
                  "pending": false,
                  "context": null,
                  "code": "const respostaCheckout = await request('http://localhost:3000')\n    .post('/api/checkout')\n    .set('Authorization', `Bearer ${token}`)\n    .send({\n        items: [\n            {\n                productId: 1,\n                quantity: 5\n            }\n        ],\n        freight: 10,\n        paymentMethod: \"boleto\",\n        cardData: {\n            number: \"100745-5\",\n            name: \"jonatas sousa\",\n            expiry: \"12/27\",\n            cvv: \"1234\"\n        }\n    });\n    //console.log(resposta.body);\n\n        const respostaEsperada = require('../fixture/respostas/checkoutComSucesso.json');\n        expect(respostaCheckout.status).to.equal(200);\n        expect(respostaCheckout.body).to.deep.equal(respostaEsperada);",
                  "err": {},
                  "uuid": "71e0e360-78f9-4993-86ee-195620b99f8b",
                  "parentUUID": "674c4c17-26a0-4b1f-a2f3-cdd8a70d33ff",
                  "isHook": false,
                  "skipped": false
                },
                {
                  "title": "Quando realizo um checkout sem me autenticar eu recebo um 401",
                  "fullTitle": "checkout external POST /checkout Quando realizo um checkout sem me autenticar eu recebo um 401",
                  "timedOut": false,
                  "duration": 6,
                  "state": "passed",
                  "speed": "fast",
                  "pass": true,
                  "fail": false,
                  "pending": false,
                  "context": null,
                  "code": "const respostaCheckout = await request('http://localhost:3000')\n    .post('/api/checkout')\n    .send({\n        items: [\n            {\n                productId: 1,\n                quantity: 5\n            }\n        ],\n        freight: 10,\n        paymentMethod: \"boleto\",\n        cardData: {\n            number: \"100745-5\",\n            name: \"jonatas sousa\",\n            expiry: \"12/27\",\n            cvv: \"1234\"\n        }\n    });\n    //console.log(resposta.body);\n\n        expect(respostaCheckout.status).to.equal(401);\n        expect(respostaCheckout.body.error).to.deep.equal('Token inválido');",
                  "err": {},
                  "uuid": "3a7fa2dd-0c38-4379-900a-61bdb051a36e",
                  "parentUUID": "674c4c17-26a0-4b1f-a2f3-cdd8a70d33ff",
                  "isHook": false,
                  "skipped": false
                }
              ],
              "suites": [],
              "passes": [
                "71e0e360-78f9-4993-86ee-195620b99f8b",
                "3a7fa2dd-0c38-4379-900a-61bdb051a36e"
              ],
              "failures": [],
              "pending": [],
              "skipped": [],
              "duration": 20,
              "root": false,
              "rootEmpty": false,
              "_timeout": 10000
            }
          ],
          "passes": [],
          "failures": [],
          "pending": [],
          "skipped": [],
          "duration": 0,
          "root": false,
          "rootEmpty": false,
          "_timeout": 10000
        }
      ],
      "passes": [],
      "failures": [],
      "pending": [],
      "skipped": [],
      "duration": 0,
      "root": true,
      "rootEmpty": true,
      "_timeout": 10000
    }
  ],
  "meta": {
    "mocha": {
      "version": "11.7.2"
    },
    "mochawesome": {
      "options": {
        "quiet": false,
        "reportFilename": "mochawesome",
        "saveHtml": true,
        "saveJson": true,
        "consoleReporter": "spec",
        "useInlineDiffs": false,
        "code": true
      },
      "version": "7.1.4"
    },
    "marge": {
      "options": null,
      "version": "6.3.0"
    }
  }
}